[10:55:01] Exporting cron jobs...
Wrote 0 cron jobs
[10:55:01] Exporting gateway status...
Wrote gateway-status.json
[10:55:01] Exporting session activity...
Wrote 0 sessions
[10:55:01] Building errors log...
Wrote 2 errors
[10:55:01] Export complete at 2026-03-21 10:55 CDT
[11:00:01] Exporting cron jobs...
Wrote 0 cron jobs
[11:00:01] Exporting gateway status...
Wrote gateway-status.json
[11:00:01] Exporting session activity...
Wrote 0 sessions
[11:00:01] Building errors log...
Wrote 3 errors
[11:00:01] Export complete at 2026-03-21 11:00 CDT
[11:05:01] Exporting cron jobs...
Wrote 0 cron jobs
[11:05:01] Exporting gateway status...
Wrote gateway-status.json
[11:05:01] Exporting session activity...
Wrote 0 sessions
[11:05:01] Building errors log...
Wrote 3 errors
[11:05:01] Export complete at 2026-03-21 11:05 CDT
[11:05:01] Building system summary...
Wrote system-summary.json
[11:10:00] Exporting cron jobs...
Wrote 0 cron jobs
[11:10:00] Exporting gateway status...
Wrote gateway-status.json
[11:10:00] Exporting session activity...
Wrote 0 sessions
[11:10:00] Building errors log...
Wrote 3 errors
[11:10:00] Export complete at 2026-03-21 11:10 CDT
[11:10:00] Building system summary...
Wrote system-summary.json
[11:15:00] Exporting cron jobs...
Wrote 0 cron jobs
[11:15:00] Exporting gateway status...
Wrote gateway-status.json
[11:15:00] Exporting session activity...
Wrote 0 sessions
[11:15:00] Building errors log...
Wrote 3 errors
[11:15:00] Export complete at 2026-03-21 11:15 CDT
[11:15:00] Building system summary...
Wrote system-summary.json
[11:20:00] Exporting cron jobs...
Wrote 0 cron jobs
[11:20:00] Exporting gateway status...
Wrote gateway-status.json
[11:20:00] Exporting session activity...
Wrote 0 sessions
[11:20:00] Building errors log...
Wrote 3 errors
[11:20:00] Export complete at 2026-03-21 11:20 CDT
[11:20:00] Building system summary...
Wrote system-summary.json
[11:25:00] Exporting cron jobs...
Wrote 0 cron jobs
[11:25:00] Exporting gateway status...
Wrote gateway-status.json
[11:25:00] Exporting session activity...
Wrote 0 sessions
[11:25:00] Building errors log...
Wrote 3 errors
[11:25:00] Export complete at 2026-03-21 11:25 CDT
[11:25:00] Building system summary...
Wrote system-summary.json
[11:30:00] Exporting cron jobs...
Wrote 0 cron jobs
[11:30:00] Exporting gateway status...
Wrote gateway-status.json
[11:30:00] Exporting session activity...
Wrote 0 sessions
[11:30:00] Building errors log...
Wrote 3 errors
[11:30:00] Export complete at 2026-03-21 11:30 CDT
[11:30:00] Building system summary...
Wrote system-summary.json
[11:35:00] Exporting cron jobs...
Wrote 0 cron jobs
[11:35:00] Exporting gateway status...
Wrote gateway-status.json
[11:35:00] Exporting session activity...
Wrote 0 sessions
[11:35:00] Building errors log...
Wrote 3 errors
[11:35:00] Export complete at 2026-03-21 11:35 CDT
[11:35:00] Building system summary...
Wrote system-summary.json
[11:40:00] Exporting cron jobs...
Wrote 0 cron jobs
[11:40:00] Exporting gateway status...
Wrote gateway-status.json
[11:40:00] Exporting session activity...
Wrote 0 sessions
[11:40:00] Building errors log...
Wrote 3 errors
[11:40:00] Export complete at 2026-03-21 11:40 CDT
[11:40:00] Building system summary...
Wrote system-summary.json
[11:45:00] Exporting cron jobs...
Wrote 0 cron jobs
[11:45:00] Exporting gateway status...
Wrote gateway-status.json
[11:45:00] Exporting session activity...
Wrote 0 sessions
[11:45:00] Building errors log...
Wrote 3 errors
[11:45:00] Export complete at 2026-03-21 11:45 CDT
[11:45:00] Building system summary...
Wrote system-summary.json
[11:50:00] Exporting cron jobs...
Wrote 0 cron jobs
[11:50:00] Exporting gateway status...
Wrote gateway-status.json
[11:50:00] Exporting session activity...
Wrote 0 sessions
[11:50:00] Building errors log...
Wrote 3 errors
[11:50:00] Export complete at 2026-03-21 11:50 CDT
[11:50:00] Building system summary...
Wrote system-summary.json
[11:55:00] Exporting cron jobs...
Wrote 0 cron jobs
[11:55:00] Exporting gateway status...
Wrote gateway-status.json
[11:55:00] Exporting session activity...
Wrote 0 sessions
[11:55:00] Building errors log...
Wrote 3 errors
[11:55:00] Export complete at 2026-03-21 11:55 CDT
[11:55:00] Building system summary...
Wrote system-summary.json
[12:00:00] Exporting cron jobs...
Wrote 0 cron jobs
[12:00:00] Exporting gateway status...
Wrote gateway-status.json
[12:00:00] Exporting session activity...
Wrote 0 sessions
[12:00:00] Building errors log...
Wrote 3 errors
[12:00:00] Export complete at 2026-03-21 12:00 CDT
[12:00:00] Building system summary...
Wrote system-summary.json
[12:05:00] Exporting cron jobs...
Wrote 0 cron jobs
[12:05:00] Exporting gateway status...
Wrote gateway-status.json
[12:05:00] Exporting session activity...
Wrote 0 sessions
[12:05:00] Building errors log...
Wrote 3 errors
[12:05:00] Export complete at 2026-03-21 12:05 CDT
[12:05:00] Building system summary...
Wrote system-summary.json
[12:10:00] Exporting cron jobs...
Wrote 0 cron jobs
[12:10:00] Exporting gateway status...
Wrote gateway-status.json
[12:10:00] Exporting session activity...
Wrote 0 sessions
[12:10:00] Building errors log...
Wrote 3 errors
[12:10:00] Export complete at 2026-03-21 12:10 CDT
[12:10:00] Building system summary...
Wrote system-summary.json
[12:15:00] Exporting cron jobs...
Wrote 0 cron jobs
[12:15:00] Exporting gateway status...
Wrote gateway-status.json
[12:15:00] Exporting session activity...
Wrote 0 sessions
[12:15:00] Building errors log...
Wrote 3 errors
[12:15:00] Export complete at 2026-03-21 12:15 CDT
[12:15:00] Building system summary...
Wrote system-summary.json
[12:20:00] Exporting cron jobs...
Wrote 0 cron jobs
[12:20:00] Exporting gateway status...
Wrote gateway-status.json
[12:20:00] Exporting session activity...
Wrote 0 sessions
[12:20:00] Building errors log...
Wrote 3 errors
[12:20:00] Export complete at 2026-03-21 12:20 CDT
[12:20:00] Building system summary...
Wrote system-summary.json
[12:25:00] Exporting cron jobs...
Wrote 0 cron jobs
[12:25:00] Exporting gateway status...
Wrote gateway-status.json
[12:25:00] Exporting session activity...
Wrote 0 sessions
[12:25:00] Building errors log...
Wrote 3 errors
[12:25:00] Export complete at 2026-03-21 12:25 CDT
[12:25:00] Building system summary...
Wrote system-summary.json
[12:30:00] Exporting cron jobs...
Wrote 0 cron jobs
[12:30:00] Exporting gateway status...
Wrote gateway-status.json
[12:30:00] Exporting session activity...
Wrote 0 sessions
[12:30:00] Building errors log...
Wrote 3 errors
[12:30:01] Export complete at 2026-03-21 12:30 CDT
[12:30:01] Building system summary...
Wrote system-summary.json
[12:35:00] Exporting cron jobs...
Wrote 0 cron jobs
[12:35:00] Exporting gateway status...
Wrote gateway-status.json
[12:35:00] Exporting session activity...
Wrote 0 sessions
[12:35:01] Building errors log...
Wrote 3 errors
[12:35:01] Export complete at 2026-03-21 12:35 CDT
[12:35:01] Building system summary...
Wrote system-summary.json
[12:40:00] Exporting cron jobs...
Wrote 0 cron jobs
[12:40:00] Exporting gateway status...
Wrote gateway-status.json
[12:40:01] Exporting session activity...
Wrote 0 sessions
[12:40:01] Building errors log...
Wrote 3 errors
[12:40:01] Export complete at 2026-03-21 12:40 CDT
[12:40:01] Building system summary...
Wrote system-summary.json
[12:45:00] Exporting cron jobs...
Wrote 0 cron jobs
[12:45:00] Exporting gateway status...
Wrote gateway-status.json
[12:45:01] Exporting session activity...
Wrote 0 sessions
[12:45:01] Building errors log...
Wrote 3 errors
[12:45:01] Export complete at 2026-03-21 12:45 CDT
[12:45:01] Building system summary...
Wrote system-summary.json
